[2024-02-08 04:31:52] [1] [WARN] Reporting disabled: using no op test run registrar
[2024-02-08 04:31:52] [1] [INFO] TEST [solvd-laba-test-automation - verifySearchLineTest] STARTED at [08:31:52 2024-02-08]
[2024-02-08 04:31:52] [1] [INFO] Starting driver session...
[2024-02-08 04:32:06] [1] [ERROR] TEST [solvd-laba-test-automation - verifySearchLineTest] FAILED at [08:32:06 2024-02-08] - Could not start a new session. Response code 500. Message: Could not start a new session. Error while creating session with the driver service. Stopping driver service: Driver server process died prematurely.
Build info: version: '4.17.0', revision: 'e52b1be057*'
System info: os.name: 'Mac OS X', os.arch: 'x86_64', os.version: '14.2.1', java.version: '20.0.2'
Driver info: driver.version: unknown 
Host info: host: 'Zees-MacBook-Pro.local', ip: 'fe80:0:0:0:44d:7aa2:cec2:d524%en0'
Build info: version: '4.17.0', revision: 'e52b1be057*'
System info: os.name: 'Mac OS X', os.arch: 'x86_64', os.version: '14.2.1', java.version: '20.0.2'
Driver info: driver.version: unknown
Build info: version: '4.13.0', revision: 'ba948ece5b*'
System info: os.name: 'Mac OS X', os.arch: 'x86_64', os.version: '14.2.1', java.version: '11.0.21'
Driver info: org.openqa.selenium.remote.RemoteWebDriver
Command: [null, newSession {capabilities=[Capabilities {acceptInsecureCerts: true, browserName: chrome, goog:chromeOptions: {args: [--remote-allow-origins=*, --test-type, --start-maximized, --ignore-ssl-errors], extensions: []}}]}]
Capabilities {acceptInsecureCerts: true, browserName: chrome, goog:chromeOptions: {args: [--remote-allow-origins=*, --test-type, --start-maximized, --ignore-ssl-errors], extensions: []}}

org.openqa.selenium.remote.ProtocolHandshake.createSession(ProtocolHandshake.java:140)
org.openqa.selenium.remote.ProtocolHandshake.createSession(ProtocolHandshake.java:96)
org.openqa.selenium.remote.ProtocolHandshake.createSession(ProtocolHandshake.java:68)
org.openqa.selenium.remote.HttpCommandExecutor.execute(HttpCommandExecutor.java:163)
com.zebrunner.carina.webdriver.listener.EventFiringSeleniumCommandExecutor.execute(EventFiringSeleniumCommandExecutor.java:52)
org.openqa.selenium.remote.RemoteWebDriver.execute(RemoteWebDriver.java:602)
org.openqa.selenium.remote.RemoteWebDriver.startSession(RemoteWebDriver.java:236)
org.openqa.selenium.remote.RemoteWebDriver.<init>(RemoteWebDriver.java:163)
com.zebrunner.carina.webdriver.core.factory.impl.DesktopFactory.create(DesktopFactory.java:87)
com.zebrunner.carina.webdriver.core.factory.DriverFactory.create(DriverFactory.java:89)
com.zebrunner.carina.webdriver.IDriverPool.createDriver(IDriverPool.java:369)
com.zebrunner.carina.webdriver.IDriverPool.getDriver(IDriverPool.java:120)
com.zebrunner.carina.webdriver.IDriverPool.getDriver(IDriverPool.java:83)
com.zebrunner.carina.webdriver.IDriverPool.getDriver(IDriverPool.java:71)
com.solvd.laba.HomePageTest.verifySearchLineTest(HomePageTest.java:22)
java.base/jdk.internal.reflect.NativeMethodAccessorImpl.invoke0(Native Method)
java.base/jdk.internal.reflect.NativeMethodAccessorImpl.invoke(NativeMethodAccessorImpl.java:62)
java.base/jdk.internal.reflect.DelegatingMethodAccessorImpl.invoke(DelegatingMethodAccessorImpl.java:43)
java.base/java.lang.reflect.Method.invoke(Method.java:566)
org.testng.internal.invokers.MethodInvocationHelper.invokeMethod(MethodInvocationHelper.java:139)
org.testng.internal.invokers.TestInvoker.invokeMethod(TestInvoker.java:664)
org.testng.internal.invokers.TestInvoker.invokeTestMethod(TestInvoker.java:228)
org.testng.internal.invokers.MethodRunner.runInSequence(MethodRunner.java:63)
org.testng.internal.invokers.TestInvoker$MethodInvocationAgent.invoke(TestInvoker.java:961)
org.testng.internal.invokers.TestInvoker.invokeTestMethods(TestInvoker.java:201)
org.testng.internal.invokers.TestMethodWorker.invokeTestMethods(TestMethodWorker.java:148)
org.testng.internal.invokers.TestMethodWorker.run(TestMethodWorker.java:128)
java.base/java.util.ArrayList.forEach(ArrayList.java:1541)
org.testng.TestRunner.privateRun(TestRunner.java:819)
org.testng.TestRunner.run(TestRunner.java:619)
org.testng.SuiteRunner.runTest(SuiteRunner.java:443)
org.testng.SuiteRunner.runSequentially(SuiteRunner.java:437)
org.testng.SuiteRunner.privateRun(SuiteRunner.java:397)
org.testng.SuiteRunner.run(SuiteRunner.java:336)
org.testng.SuiteRunnerWorker.runSuite(SuiteRunnerWorker.java:52)
org.testng.SuiteRunnerWorker.run(SuiteRunnerWorker.java:95)
org.testng.TestNG.runSuitesSequentially(TestNG.java:1301)
org.testng.TestNG.runSuitesLocally(TestNG.java:1228)
org.testng.TestNG.runSuites(TestNG.java:1134)
org.testng.TestNG.run(TestNG.java:1101)
com.intellij.rt.testng.IDEARemoteTestNG.run(IDEARemoteTestNG.java:66)
com.intellij.rt.testng.RemoteTestNGStarter.main(RemoteTestNGStarter.java:109)
